Arguments: 
  /usr/local/bin/node /usr/local/Cellar/yarn/1.15.2/libexec/bin/yarn.js install typescript react @types/react -D

PATH: 
  /usr/local/bin:/usr/bin:/bin:/usr/sbin:/sbin

Yarn version: 
  1.15.2

Node version: 
  10.13.0

Platform: 
  darwin x64

Trace: 
  SyntaxError: /Users/samgrinis/typescript-react/05-publish-a-react-component-with-typescript/fancy/package.json: Unexpected end of JSON input
      at JSON.parse (<anonymous>)
      at /usr/local/Cellar/yarn/1.15.2/libexec/lib/cli.js:1625:59
      at Generator.next (<anonymous>)
      at step (/usr/local/Cellar/yarn/1.15.2/libexec/lib/cli.js:304:30)
      at /usr/local/Cellar/yarn/1.15.2/libexec/lib/cli.js:315:13

npm manifest: 
  {
    "name": "fancy",
    "version": "0.0.0",
    "license": "MIT",
    "repository": {
      "type": "git",
      "url": "https://github.com/basarat/typescript-react.git"
    },
    "scripts": {
      "build": "tsc -p .", 
      "start": "npm run build -- -w"
  },
    "peerDependencies": {
      "react": ">=16.0.0"
    }

yarn manifest: 
  No manifest

Lockfile: 
  No lockfile
