Arguments: 
  /Users/zacjones/.nvm/versions/node/v10.15.3/bin/node /usr/local/Cellar/yarn/1.15.2/libexec/bin/yarn.js add parcel-bundler -D

PATH: 
  /usr/local/opt/sqlite/bin:/Users/zacjones/.rbenv/shims:/Users/zacjones/.rbenv/bin:/Users/zacjones/.nvm/versions/node/v10.15.3/bin:/Users/zacjones/bin:/usr/local/bin:/usr/local/bin:/usr/bin:/bin:/usr/sbin:/sbin:/opt/X11/bin:/usr/local/opt/sqlite/bin:/Users/zacjones/.rbenv/shims:/Users/zacjones/.rbenv/bin:/Users/zacjones/.nvm/versions/node/v10.15.3/bin:/Users/zacjones/bin

Yarn version: 
  1.15.2

Node version: 
  10.15.3

Platform: 
  darwin x64

Trace: 
  Error: https://registry.yarnpkg.com/05-my-fancy: Not found
      at Request.params.callback [as _callback] (/usr/local/Cellar/yarn/1.15.2/libexec/lib/cli.js:66058:18)
      at Request.self.callback (/usr/local/Cellar/yarn/1.15.2/libexec/lib/cli.js:129541:22)
      at Request.emit (events.js:189:13)
      at Request.<anonymous> (/usr/local/Cellar/yarn/1.15.2/libexec/lib/cli.js:130513:10)
      at Request.emit (events.js:189:13)
      at IncomingMessage.<anonymous> (/usr/local/Cellar/yarn/1.15.2/libexec/lib/cli.js:130435:12)
      at Object.onceWrapper (events.js:277:13)
      at IncomingMessage.emit (events.js:194:15)
      at endReadableNT (_stream_readable.js:1125:12)
      at process._tickCallback (internal/process/next_tick.js:63:19)

npm manifest: 
  {
    "name": "05-publish-a-react-component-with-typescript",
    "version": "0.0.0",
    "license": "MIT",
    "repository": {
      "type": "git",
      "url": "https://github.com/basarat/typescript-react.git"
    },
    "scripts": {
      "start": "parcel src/index.html --open"
    },
    "dependencies": {
      "@types/react": "16.8.13",
      "@types/react-dom": "16.8.3",
      "05-my-fancy": "^0.1.0",
      "react": "16.8.6",
      "react-dom": "16.8.6",
      "ts-loader": "5.3.3",
      "typescript": "3.4.3",
      "webpack-dev-server": "3.3.1"
    },
    "devDependencies": {
      "webpack-cli": "^3.3.0"
    },
    "private": true
  }

yarn manifest: 
  No manifest

Lockfile: 
  No lockfile
